-------------------------------------------------------------------------------
Test set: com.tallerwebi.integracion.ControladorLoginTest
-------------------------------------------------------------------------------
Tests run: 2, Failures: 0, Errors: 1, Skipped: 0, Time elapsed: 0.414 s <<< FAILURE! - in com.tallerwebi.integracion.ControladorLoginTest
com.tallerwebi.integracion.ControladorLoginTest.debeRetornarLaPaginaLoginCuandoSeNavegaALLogin  Time elapsed: 0.377 s  <<< ERROR!
java.lang.NullPointerException: Cannot invoke "Object.toString()" because the return value of "java.util.Map.get(Object)" is null
	at com.tallerwebi.integracion.ControladorLoginTest.debeRetornarLaPaginaLoginCuandoSeNavegaALLogin(ControladorLoginTest.java:72)

