<?xml version="1.0" encoding="UTF-8"?>
<testsuite xmlns:xsi="http://www.w3.org/2001/XMLSchema-instance" xsi:noNamespaceSchemaLocation="https://maven.apache.org/surefire/maven-surefire-plugin/xsd/surefire-test-report-3.0.xsd" version="3.0" name="com.tallerwebi.presentacion.ControladorProfesionalTest" time="0.014" tests="9" errors="0" skipped="0" failures="0">
  <properties>
[...]
</properties>
  <testcase name="testObtenerContactosPorTipoYMetodo_SinContactos" classname="com.tallerwebi.presentacion.ControladorProfesionalTest" time="0.002"/>
  <testcase name="testObtenerContactosPorTipo_SinContactos" classname="com.tallerwebi.presentacion.ControladorProfesionalTest" time="0.001"/>
  <testcase name="deberiaFiltrarContactosPorMetodoYTipo" classname="com.tallerwebi.presentacion.ControladorProfesionalTest" time="0.001"/>
  <testcase name="deberiaMostrarTodosLosContactos" classname="com.tallerwebi.presentacion.ControladorProfesionalTest" time="0.001"/>
  <testcase name="testObtenerContactosPorMetodo" classname="com.tallerwebi.presentacion.ControladorProfesionalTest" time="0.001"/>
  <testcase name="testObtenerContactosPorMetodo_SinContactos" classname="com.tallerwebi.presentacion.ControladorProfesionalTest" time="0.001"/>
  <testcase name="testObtenerContactosPorTipoYMetodo" classname="com.tallerwebi.presentacion.ControladorProfesionalTest" time="0.001"/>
  <testcase name="testObtenerProfesionales" classname="com.tallerwebi.presentacion.ControladorProfesionalTest" time="0.001"/>
  <testcase name="testObtenerContactosPorTipo" classname="com.tallerwebi.presentacion.ControladorProfesionalTest" time="0.001"/>
</testsuite>