<?xml version="1.0" encoding="UTF-8"?>
<testsuite xmlns:xsi="http://www.w3.org/2001/XMLSchema-instance" xsi:noNamespaceSchemaLocation="https://maven.apache.org/surefire/maven-surefire-plugin/xsd/surefire-test-report-3.0.xsd" version="3.0" name="com.tallerwebi.integracion.ControladorLoginTest" time="2.605" tests="2" errors="2" skipped="0" failures="0">
  <properties>
[...]
</properties>
  <testcase name="debeRetornarLaPaginaLoginCuandoSeNavegaALLogin" classname="com.tallerwebi.integracion.ControladorLoginTest" time="0.574">
    <error type="org.mockito.exceptions.base.MockitoException"><![CDATA[org.mockito.exceptions.base.MockitoException: 

Mockito cannot mock this class: class com.tallerwebi.dominio.Usuario.

If you're not sure why you're getting this error, please open an issue on GitHub.


Java               : 22
JVM vendor name    : Oracle Corporation
JVM vendor version : 22.0.1+8-16
JVM name           : OpenJDK 64-Bit Server VM
JVM version        : 22.0.1+8-16
JVM info           : mixed mode, sharing
OS name            : Windows 11
OS version         : 10.0


You are seeing this disclaimer because Mockito is configured to create inlined mocks.
You can learn about inline mocks and their limitations under item #39 of the Mockito class javadoc.

Underlying exception : org.mockito.exceptions.base.MockitoException: Could not modify all classes [class com.tallerwebi.dominio.Usuario, class java.lang.Object]
	at com.tallerwebi.integracion.ControladorLoginTest.init(ControladorLoginTest.java:43)
Caused by: org.mockito.exceptions.base.MockitoException: Could not modify all classes [class com.tallerwebi.dominio.Usuario, class java.lang.Object]
	at com.tallerwebi.integracion.ControladorLoginTest.init(ControladorLoginTest.java:43)
Caused by: java.lang.IllegalStateException: 

Byte Buddy could not instrument all classes within the mock's type hierarchy

This problem should never occur for javac-compiled classes. This problem has been observed for classes that are:
 - Compiled by older versions of scalac
 - Classes that are part of the Android distribution
	at com.tallerwebi.integracion.ControladorLoginTest.init(ControladorLoginTest.java:43)
Caused by: java.lang.IllegalArgumentException: Java 22 (66) is not supported by the current version of Byte Buddy which officially supports Java 21 (65) - update Byte Buddy or set net.bytebuddy.experimental as a VM property
	at com.tallerwebi.integracion.ControladorLoginTest.init(ControladorLoginTest.java:43)
]]></error>
    <system-out><![CDATA[Hibernate: 
    
    drop table if exists Usuario CASCADE 
Hibernate: 
    
    create table Usuario (
       id bigint generated by default as identity (start with 1),
        activo boolean,
        email varchar(255),
        password varchar(255),
        rol varchar(255),
        primary key (id)
    )
]]></system-out>
    <system-err><![CDATA[SLF4J: Failed to load class "org.slf4j.impl.StaticLoggerBinder".
SLF4J: Defaulting to no-operation (NOP) logger implementation
SLF4J: See http://www.slf4j.org/codes.html#StaticLoggerBinder for further details.
may 30, 2024 3:03:13 A. M. org.hibernate.Version logVersion
INFO: HHH000412: Hibernate ORM core version 5.4.25.Final
may 30, 2024 3:03:14 A. M. org.hibernate.annotations.common.reflection.java.JavaReflectionManager <clinit>
INFO: HCANN000001: Hibernate Commons Annotations {5.1.2.Final}
may 30, 2024 3:03:14 A. M. org.hibernate.dialect.Dialect <init>
INFO: HHH000400: Using dialect: org.hibernate.dialect.HSQLDialect
may 30, 2024 3:03:15 A. M. org.hibernate.engine.transaction.jta.platform.internal.JtaPlatformInitiator initiateService
INFO: HHH000490: Using JtaPlatform implementation: [org.hibernate.engine.transaction.jta.platform.internal.NoJtaPlatform]
WARNING: A Java agent has been loaded dynamically (C:\Users\Usuario\.m2\repository\net\bytebuddy\byte-buddy-agent\1.14.4\byte-buddy-agent-1.14.4.jar)
WARNING: If a serviceability tool is in use, please run with -XX:+EnableDynamicAgentLoading to hide this warning
WARNING: If a serviceability tool is not in use, please run with -Djdk.instrument.traceUsage for more information
WARNING: Dynamic loading of agents will be disallowed by default in a future release
]]></system-err>
  </testcase>
  <testcase name="debeRetornarLaPaginaLoginCuandoSeNavegaALaRaiz" classname="com.tallerwebi.integracion.ControladorLoginTest" time="0.054">
    <error type="org.mockito.exceptions.base.MockitoException"><![CDATA[org.mockito.exceptions.base.MockitoException: 

Mockito cannot mock this class: class com.tallerwebi.dominio.Usuario.

If you're not sure why you're getting this error, please open an issue on GitHub.


Java               : 22
JVM vendor name    : Oracle Corporation
JVM vendor version : 22.0.1+8-16
JVM name           : OpenJDK 64-Bit Server VM
JVM version        : 22.0.1+8-16
JVM info           : mixed mode, sharing
OS name            : Windows 11
OS version         : 10.0


You are seeing this disclaimer because Mockito is configured to create inlined mocks.
You can learn about inline mocks and their limitations under item #39 of the Mockito class javadoc.

Underlying exception : org.mockito.exceptions.base.MockitoException: Could not modify all classes [class com.tallerwebi.dominio.Usuario, class java.lang.Object]
	at com.tallerwebi.integracion.ControladorLoginTest.init(ControladorLoginTest.java:43)
Caused by: org.mockito.exceptions.base.MockitoException: Could not modify all classes [class com.tallerwebi.dominio.Usuario, class java.lang.Object]
	at com.tallerwebi.integracion.ControladorLoginTest.init(ControladorLoginTest.java:43)
Caused by: java.lang.IllegalStateException: 

Byte Buddy could not instrument all classes within the mock's type hierarchy

This problem should never occur for javac-compiled classes. This problem has been observed for classes that are:
 - Compiled by older versions of scalac
 - Classes that are part of the Android distribution
	at com.tallerwebi.integracion.ControladorLoginTest.init(ControladorLoginTest.java:43)
Caused by: java.lang.IllegalArgumentException: Java 22 (66) is not supported by the current version of Byte Buddy which officially supports Java 21 (65) - update Byte Buddy or set net.bytebuddy.experimental as a VM property
	at com.tallerwebi.integracion.ControladorLoginTest.init(ControladorLoginTest.java:43)
]]></error>
  </testcase>
</testsuite>