<?xml version="1.0" encoding="UTF-8"?>
<testsuite xmlns:xsi="http://www.w3.org/2001/XMLSchema-instance" xsi:noNamespaceSchemaLocation="https://maven.apache.org/surefire/maven-surefire-plugin/xsd/surefire-test-report-3.0.xsd" version="3.0" name="com.tallerwebi.infraestructura.RepositorioMetodoTest" time="1.959" tests="4" errors="0" skipped="0" failures="1">
  <properties>
[...]
</properties>
  <testcase name="quePuedaGuardarUnMetodo" classname="com.tallerwebi.infraestructura.RepositorioMetodoTest" time="0.084">
    <system-out><![CDATA[Hibernate: 
    
    drop table if exists Compra CASCADE 
Hibernate: 
    
    drop table if exists Compra_Producto CASCADE 
Hibernate: 
    
    drop table if exists DatosMembresia CASCADE 
Hibernate: 
    
    drop table if exists Etapa CASCADE 
Hibernate: 
    
    drop table if exists Hijo CASCADE 
Hibernate: 
    
    drop table if exists Juego CASCADE 
Hibernate: 
    
    drop table if exists Metodo CASCADE 
Hibernate: 
    
    drop table if exists Producto CASCADE 
Hibernate: 
    
    drop table if exists Profesional CASCADE 
Hibernate: 
    
    drop table if exists Tarjeta CASCADE 
Hibernate: 
    
    drop table if exists Tienda CASCADE 
Hibernate: 
    
    drop table if exists Tienda_Producto CASCADE 
Hibernate: 
    
    drop table if exists TipoProfesional CASCADE 
Hibernate: 
    
    drop table if exists Turno CASCADE 
Hibernate: 
    
    drop table if exists Usuario CASCADE 
Hibernate: 
    
    create table Compra (
       id bigint generated by default as identity (start with 1),
        estado integer,
        total double,
        usuario_id bigint,
        primary key (id)
    )
Hibernate: 
    
    create table Compra_Producto (
       Compra_id bigint not null,
        productos_id bigint not null
    )
Hibernate: 
    
    create table DatosMembresia (
       id bigint generated by default as identity (start with 1),
        email varchar(255),
        estado varchar(255),
        fechaDeBaja timestamp,
        fechaDeInicio timestamp,
        nombreCompleto varchar(255),
        numeroTelefonico bigint,
        tarjeta_id bigint,
        primary key (id)
    )
Hibernate: 
    
    create table Etapa (
       id bigint generated by default as identity (start with 1),
        desde integer,
        hasta integer,
        nombre varchar(255),
        primary key (id)
    )
Hibernate: 
    
    create table Hijo (
       id bigint generated by default as identity (start with 1),
        dni integer,
        edad integer,
        fecha_nacimiento timestamp,
        nombre varchar(255),
        etapa_id bigint,
        metodo_id bigint,
        usuario_id bigint,
        primary key (id)
    )
Hibernate: 
    
    create table Juego (
       id bigint generated by default as identity (start with 1),
        descripcion varchar(255),
        nombre varchar(255),
        etapa_id bigint,
        primary key (id)
    )
Hibernate: 
    
    create table Metodo (
       id bigint generated by default as identity (start with 1),
        nombre varchar(255),
        primary key (id)
    )
Hibernate: 
    
    create table Producto (
       id bigint generated by default as identity (start with 1),
        descripcion varchar(255),
        imagenUrl varchar(255),
        nombre varchar(255),
        precio double,
        stock bigint,
        etapa_id bigint,
        tienda_id bigint,
        primary key (id)
    )
Hibernate: 
    
    create table Profesional (
       id bigint generated by default as identity (start with 1),
        direccion varchar(255),
        email varchar(255),
        institucion varchar(255),
        nombre varchar(255) not null,
        telefono varchar(255),
        metodo_id bigint,
        tipo_id bigint,
        primary key (id)
    )
Hibernate: 
    
    create table Tarjeta (
       id bigint generated by default as identity (start with 1),
        codigoDeSeguridad integer,
        fechaDeVencimiento timestamp,
        numeroDeTarjeta bigint,
        primary key (id)
    )
Hibernate: 
    
    create table Tienda (
       id bigint generated by default as identity (start with 1),
        email varchar(255),
        nombre varchar(255),
        telefono varchar(255),
        primary key (id)
    )
Hibernate: 
    
    create table Tienda_Producto (
       Tienda_id bigint not null,
        productos_id bigint not null
    )
Hibernate: 
    
    create table TipoProfesional (
       id bigint generated by default as identity (start with 1),
        nombre varchar(255),
        primary key (id)
    )
Hibernate: 
    
    create table Turno (
       id bigint generated by default as identity (start with 1),
        estado varchar(255),
        fechaHora timestamp,
        profesional_id bigint,
        usuario_id bigint,
        primary key (id)
    )
Hibernate: 
    
    create table Usuario (
       id bigint generated by default as identity (start with 1),
        email varchar(255),
        estado boolean,
        nombre varchar(255),
        password varchar(255),
        rol varchar(255),
        conyuge_id bigint,
        membresia_id bigint,
        primary key (id)
    )
Hibernate: 
    
    alter table Compra_Producto 
       add constraint UK_qdqcipjwej5f1v6w0hureucb0 unique (productos_id)
Hibernate: 
    
    alter table Tienda_Producto 
       add constraint UK_36wjcnl85v399v0neh63uwy7 unique (productos_id)
Hibernate: 
    
    alter table Compra 
       add constraint FKcntjp6tnge6ogm3rx1ld4v9nd 
       foreign key (usuario_id) 
       references Usuario
Hibernate: 
    
    alter table Compra_Producto 
       add constraint FKc5bqfu2dobnee1snk37ie6gpl 
       foreign key (productos_id) 
       references Producto
Hibernate: 
    
    alter table Compra_Producto 
       add constraint FKlvpm65enyb8d0agcapby8ckhw 
       foreign key (Compra_id) 
       references Compra
Hibernate: 
    
    alter table DatosMembresia 
       add constraint FKjxin19pch21kt32l97oft81pe 
       foreign key (tarjeta_id) 
       references Tarjeta
Hibernate: 
    
    alter table Hijo 
       add constraint FKtp3aveicicl7sdrvyd33bdjjr 
       foreign key (etapa_id) 
       references Etapa
Hibernate: 
    
    alter table Hijo 
       add constraint FKexsjcryrhby2j4kxjncb0bj0y 
       foreign key (metodo_id) 
       references Metodo
Hibernate: 
    
    alter table Hijo 
       add constraint FK13f1fdqy78e3uf25mqn8dh4r3 
       foreign key (usuario_id) 
       references Usuario
Hibernate: 
    
    alter table Juego 
       add constraint FKmrkb4ii4sl0310tl7g0oi67qt 
       foreign key (etapa_id) 
       references Etapa
Hibernate: 
    
    alter table Producto 
       add constraint FK7kccpoe2p0nt84gw3vued4dyb 
       foreign key (etapa_id) 
       references Etapa
Hibernate: 
    
    alter table Producto 
       add constraint FK7ajlkbgbxcs64wv7u4gpyydxb 
       foreign key (tienda_id) 
       references Tienda
Hibernate: 
    
    alter table Profesional 
       add constraint FKsg60yqs5psjj7i8n12krd5s76 
       foreign key (metodo_id) 
       references Metodo
Hibernate: 
    
    alter table Profesional 
       add constraint FKfyqr4wwxiiev1htt2cwi99v5c 
       foreign key (tipo_id) 
       references TipoProfesional
Hibernate: 
    
    alter table Tienda_Producto 
       add constraint FKf3lrwbc6lt5wiq0o9llnfygr4 
       foreign key (productos_id) 
       references Producto
Hibernate: 
    
    alter table Tienda_Producto 
       add constraint FKi86qdogq0joyt1cgny6pd0qek 
       foreign key (Tienda_id) 
       references Tienda
Hibernate: 
    
    alter table Turno 
       add constraint FKagjsml7aucqrfwtrd5smcwofx 
       foreign key (profesional_id) 
       references Profesional
Hibernate: 
    
    alter table Turno 
       add constraint FKkqdsf8i6uj6ukkmasuy5b4h25 
       foreign key (usuario_id) 
       references Usuario
Hibernate: 
    
    alter table Usuario 
       add constraint FK268o4x9b0coxk92oncfmud4f5 
       foreign key (conyuge_id) 
       references Usuario
Hibernate: 
    
    alter table Usuario 
       add constraint FK138s5myetxuoslopxk3u6mowy 
       foreign key (membresia_id) 
       references DatosMembresia
Hibernate: 
    insert 
    into
        Metodo
        (id, nombre) 
    values
        (default, ?)
]]></system-out>
    <system-err><![CDATA[SLF4J: Failed to load class "org.slf4j.impl.StaticLoggerBinder".
SLF4J: Defaulting to no-operation (NOP) logger implementation
SLF4J: See http://www.slf4j.org/codes.html#StaticLoggerBinder for further details.
jun 23, 2024 9:30:17 P. M. org.hibernate.Version logVersion
INFO: HHH000412: Hibernate ORM core version 5.4.25.Final
jun 23, 2024 9:30:17 P. M. org.hibernate.annotations.common.reflection.java.JavaReflectionManager <clinit>
INFO: HCANN000001: Hibernate Commons Annotations {5.1.2.Final}
jun 23, 2024 9:30:18 P. M. org.hibernate.dialect.Dialect <init>
INFO: HHH000400: Using dialect: org.hibernate.dialect.HSQLDialect
jun 23, 2024 9:30:18 P. M. org.hibernate.engine.transaction.jta.platform.internal.JtaPlatformInitiator initiateService
INFO: HHH000490: Using JtaPlatform implementation: [org.hibernate.engine.transaction.jta.platform.internal.NoJtaPlatform]
]]></system-err>
  </testcase>
  <testcase name="quePuedaBuscarTodosLosMetodos" classname="com.tallerwebi.infraestructura.RepositorioMetodoTest" time="0.022">
    <system-out><![CDATA[Hibernate: 
    insert 
    into
        Metodo
        (id, nombre) 
    values
        (default, ?)
Hibernate: 
    insert 
    into
        Metodo
        (id, nombre) 
    values
        (default, ?)
Hibernate: 
    insert 
    into
        Metodo
        (id, nombre) 
    values
        (default, ?)
Hibernate: 
    select
        this_.id as id1_6_0_,
        this_.nombre as nombre2_6_0_ 
    from
        Metodo this_
]]></system-out>
    <system-err><![CDATA[jun 23, 2024 9:30:19 P. M. org.hibernate.internal.SessionImpl createCriteria
WARN: HHH90000022: Hibernate's legacy org.hibernate.Criteria API is deprecated; use the JPA javax.persistence.criteria.CriteriaQuery instead
]]></system-err>
  </testcase>
  <testcase name="quePuedaBuscarUnMetodoPorId" classname="com.tallerwebi.infraestructura.RepositorioMetodoTest" time="0.012">
    <failure type="java.lang.AssertionError"><![CDATA[java.lang.AssertionError: 

Expected: <1L>
     but: was <5L>
	at com.tallerwebi.infraestructura.RepositorioMetodoTest.thenEncuentroMetodoPorId(RepositorioMetodoTest.java:119)
	at com.tallerwebi.infraestructura.RepositorioMetodoTest.quePuedaBuscarUnMetodoPorId(RepositorioMetodoTest.java:113)
]]></failure>
    <system-out><![CDATA[Hibernate: 
    insert 
    into
        Metodo
        (id, nombre) 
    values
        (default, ?)
Hibernate: 
    select
        this_.id as id1_6_0_,
        this_.nombre as nombre2_6_0_ 
    from
        Metodo this_ 
    where
        this_.id=?
]]></system-out>
    <system-err><![CDATA[jun 23, 2024 9:30:19 P. M. org.hibernate.internal.SessionImpl createCriteria
WARN: HHH90000022: Hibernate's legacy org.hibernate.Criteria API is deprecated; use the JPA javax.persistence.criteria.CriteriaQuery instead
]]></system-err>
  </testcase>
  <testcase name="quePuedaBuscarUnMetodo" classname="com.tallerwebi.infraestructura.RepositorioMetodoTest" time="0.003">
    <system-out><![CDATA[Hibernate: 
    insert 
    into
        Metodo
        (id, nombre) 
    values
        (default, ?)
Hibernate: 
    select
        this_.id as id1_6_0_,
        this_.nombre as nombre2_6_0_ 
    from
        Metodo this_ 
    where
        this_.nombre=?
]]></system-out>
    <system-err><![CDATA[jun 23, 2024 9:30:19 P. M. org.hibernate.internal.SessionImpl createCriteria
WARN: HHH90000022: Hibernate's legacy org.hibernate.Criteria API is deprecated; use the JPA javax.persistence.criteria.CriteriaQuery instead
]]></system-err>
  </testcase>
</testsuite>